0 info it worked if it ends with ok
1 verbose cli [ '/Users/lucasmreis/.nvm/versions/node/v6.4.0/bin/node',
1 verbose cli   '/Users/lucasmreis/.nvm/versions/node/v6.4.0/bin/npm',
1 verbose cli   'start' ]
2 info using npm@3.10.3
3 info using node@v6.4.0
4 verbose run-script [ 'prestart', 'start', 'poststart' ]
5 info lifecycle star-wars-fable@1.0.0~prestart: star-wars-fable@1.0.0
6 silly lifecycle star-wars-fable@1.0.0~prestart: no script for prestart, continuing
7 info lifecycle star-wars-fable@1.0.0~start: star-wars-fable@1.0.0
8 verbose lifecycle star-wars-fable@1.0.0~start: unsafe-perm in lifecycle true
9 verbose lifecycle star-wars-fable@1.0.0~start: PATH: /Users/lucasmreis/.nvm/versions/node/v6.4.0/lib/node_modules/npm/bin/node-gyp-bin:/Users/lucasmreis/Projects/star-wars-fable/node_modules/.bin:/Users/lucasmreis/.nvm/versions/node/v6.4.0/bin:/Users/lucasmreis/.cabal/bin:/Users/lucasmreis/Library/Android/sdk/platforms:/Users/lucasmreis/Library/Android/sdk/tools:/Users/lucasmreis/Library/Android/sdk/platform-tools:/Users/lucasmreis/.nvm/versions/node/v6.4.0/bin:/usr/local/bin:/usr/bin:/bin:/usr/sbin:/sbin
10 verbose lifecycle star-wars-fable@1.0.0~start: CWD: /Users/lucasmreis/Projects/star-wars-fable
11 silly lifecycle star-wars-fable@1.0.0~start: Args: [ '-c',
11 silly lifecycle   'fable src/Main.fsx -o ./build --rollup --verbose --sourceMaps --watch' ]
12 silly lifecycle star-wars-fable@1.0.0~start: Returned: code: 1  signal: null
13 info lifecycle star-wars-fable@1.0.0~start: Failed to exec start script
14 verbose stack Error: star-wars-fable@1.0.0 start: `fable src/Main.fsx -o ./build --rollup --verbose --sourceMaps --watch`
14 verbose stack Exit status 1
14 verbose stack     at EventEmitter.<anonymous> (/Users/lucasmreis/.nvm/versions/node/v6.4.0/lib/node_modules/npm/lib/utils/lifecycle.js:242:16)
14 verbose stack     at emitTwo (events.js:106:13)
14 verbose stack     at EventEmitter.emit (events.js:191:7)
14 verbose stack     at ChildProcess.<anonymous> (/Users/lucasmreis/.nvm/versions/node/v6.4.0/lib/node_modules/npm/lib/utils/spawn.js:40:14)
14 verbose stack     at emitTwo (events.js:106:13)
14 verbose stack     at ChildProcess.emit (events.js:191:7)
14 verbose stack     at maybeClose (internal/child_process.js:852:16)
14 verbose stack     at Process.ChildProcess._handle.onexit (internal/child_process.js:215:5)
15 verbose pkgid star-wars-fable@1.0.0
16 verbose cwd /Users/lucasmreis/Projects/star-wars-fable
17 error Darwin 14.5.0
18 error argv "/Users/lucasmreis/.nvm/versions/node/v6.4.0/bin/node" "/Users/lucasmreis/.nvm/versions/node/v6.4.0/bin/npm" "start"
19 error node v6.4.0
20 error npm  v3.10.3
21 error code ELIFECYCLE
22 error star-wars-fable@1.0.0 start: `fable src/Main.fsx -o ./build --rollup --verbose --sourceMaps --watch`
22 error Exit status 1
23 error Failed at the star-wars-fable@1.0.0 start script 'fable src/Main.fsx -o ./build --rollup --verbose --sourceMaps --watch'.
23 error Make sure you have the latest version of node.js and npm installed.
23 error If you do, this is most likely a problem with the star-wars-fable package,
23 error not with npm itself.
23 error Tell the author that this fails on your system:
23 error     fable src/Main.fsx -o ./build --rollup --verbose --sourceMaps --watch
23 error You can get information on how to open an issue for this project with:
23 error     npm bugs star-wars-fable
23 error Or if that isn't available, you can get their info via:
23 error     npm owner ls star-wars-fable
23 error There is likely additional logging output above.
24 verbose exit [ 1, true ]
